<?xml version="1.0" encoding="UTF-8"?>
<!-- Generated by org.testng.reporters.JUnitXMLReporter -->
<testsuite hostname="Automata" ignored="1" name="Test" tests="5" failures="5" timestamp="01 Jan 2020 07:04:41 GMT" time="15.554" errors="0">
  <testcase name="verifyLoginError" time="8.415" classname="ups.test.UpsLoginPageTest">
    <failure type="org.openqa.selenium.ElementClickInterceptedException" message="element click intercepted: Element &amp;lt;button id=&amp;quot;submitBtn&amp;quot; name=&amp;quot;getTokenWithPassword&amp;quot; type=&amp;quot;submit&amp;quot; class=&amp;quot;ups-cta ups-cta_primary&amp;quot;&amp;gt;...&amp;lt;/button&amp;gt; is not clickable at point (111, 668). Other element would receive the click: &amp;lt;div class=&amp;quot;implicit_privacy_prompt implicit_consent&amp;quot; role=&amp;quot;alert&amp;quot;&amp;gt;...&amp;lt;/div&amp;gt;
  (Session info: chrome=79.0.3945.88)
Build info: version: &amp;apos;3.141.59&amp;apos;, revision: &amp;apos;e82be7d358&amp;apos;, time: &amp;apos;2018-11-14T08:17:03&amp;apos;
System info: host: &amp;apos;AUTOMATA&amp;apos;, ip: &amp;apos;192.168.235.1&amp;apos;, os.name: &amp;apos;Windows 10&amp;apos;, os.arch: &amp;apos;amd64&amp;apos;, os.version: &amp;apos;10.0&amp;apos;, java.version: &amp;apos;1.8.0_74&amp;apos;
Driver info: org.openqa.selenium.chrome.ChromeDriver
Capabilities {acceptInsecureCerts: false, browserName: chrome, browserVersion: 79.0.3945.88, chrome: {chromedriverVersion: 78.0.3904.70 (edb9c9f3de024..., userDataDir: C:\Users\Mohammad\AppData\L...}, goog:chromeOptions: {debuggerAddress: localhost:53132}, javascriptEnabled: true, networkConnectionEnabled: false, pageLoadStrategy: normal, platform: XP, platformName: XP, proxy: Proxy(), setWindowRect: true, strictFileInteractability: false, timeouts: {implicit: 0, pageLoad: 300000, script: 30000}, unhandledPromptBehavior: dismiss and notify}
Session ID: ac33f0d74457201166b32e5f9b6d63c3">
      <![CDATA[org.openqa.selenium.ElementClickInterceptedException: element click intercepted: Element <button id="submitBtn" name="getTokenWithPassword" type="submit" class="ups-cta ups-cta_primary">...</button> is not clickable at point (111, 668). Other element would receive the click: <div class="implicit_privacy_prompt implicit_consent" role="alert">...</div>
  (Session info: chrome=79.0.3945.88)
Build info: version: '3.141.59', revision: 'e82be7d358', time: '2018-11-14T08:17:03'
System info: host: 'AUTOMATA', ip: '192.168.235.1', os.name: 'Windows 10', os.arch: 'amd64', os.version: '10.0', java.version: '1.8.0_74'
Driver info: org.openqa.selenium.chrome.ChromeDriver
Capabilities {acceptInsecureCerts: false, browserName: chrome, browserVersion: 79.0.3945.88, chrome: {chromedriverVersion: 78.0.3904.70 (edb9c9f3de024..., userDataDir: C:\Users\Mohammad\AppData\L...}, goog:chromeOptions: {debuggerAddress: localhost:53132}, javascriptEnabled: true, networkConnectionEnabled: false, pageLoadStrategy: normal, platform: XP, platformName: XP, proxy: Proxy(), setWindowRect: true, strictFileInteractability: false, timeouts: {implicit: 0, pageLoad: 300000, script: 30000}, unhandledPromptBehavior: dismiss and notify}
Session ID: ac33f0d74457201166b32e5f9b6d63c3
at org.openqa.selenium.remote.http.W3CHttpResponseCodec.createException(W3CHttpResponseCodec.java:187)
at org.openqa.selenium.remote.http.W3CHttpResponseCodec.decode(W3CHttpResponseCodec.java:122)
at org.openqa.selenium.remote.http.W3CHttpResponseCodec.decode(W3CHttpResponseCodec.java:49)
at org.openqa.selenium.remote.HttpCommandExecutor.execute(HttpCommandExecutor.java:158)
at org.openqa.selenium.remote.service.DriverCommandExecutor.execute(DriverCommandExecutor.java:83)
at org.openqa.selenium.remote.RemoteWebDriver.execute(RemoteWebDriver.java:552)
at org.openqa.selenium.remote.RemoteWebElement.execute(RemoteWebElement.java:285)
at org.openqa.selenium.remote.RemoteWebElement.click(RemoteWebElement.java:84)
at ups.actions.UpsLoginPageActions.login(UpsLoginPageActions.java:33)
at ups.test.UpsLoginPageTest.verifyLoginError(UpsLoginPageTest.java:49)
... Removed 29 stack frames]]>
    </failure>
  </testcase> <!-- verifyLoginError -->
  <testcase name="verifyLoginError" time="1.598" classname="ups.test.UpsLoginPageTest">
    <failure type="org.openqa.selenium.ElementClickInterceptedException" message="element click intercepted: Element &amp;lt;button id=&amp;quot;submitBtn&amp;quot; name=&amp;quot;getTokenWithPassword&amp;quot; type=&amp;quot;submit&amp;quot; class=&amp;quot;ups-cta ups-cta_primary&amp;quot;&amp;gt;...&amp;lt;/button&amp;gt; is not clickable at point (111, 668). Other element would receive the click: &amp;lt;div class=&amp;quot;implicit_privacy_prompt implicit_consent&amp;quot; role=&amp;quot;alert&amp;quot;&amp;gt;...&amp;lt;/div&amp;gt;
  (Session info: chrome=79.0.3945.88)
Build info: version: &amp;apos;3.141.59&amp;apos;, revision: &amp;apos;e82be7d358&amp;apos;, time: &amp;apos;2018-11-14T08:17:03&amp;apos;
System info: host: &amp;apos;AUTOMATA&amp;apos;, ip: &amp;apos;192.168.235.1&amp;apos;, os.name: &amp;apos;Windows 10&amp;apos;, os.arch: &amp;apos;amd64&amp;apos;, os.version: &amp;apos;10.0&amp;apos;, java.version: &amp;apos;1.8.0_74&amp;apos;
Driver info: org.openqa.selenium.chrome.ChromeDriver
Capabilities {acceptInsecureCerts: false, browserName: chrome, browserVersion: 79.0.3945.88, chrome: {chromedriverVersion: 78.0.3904.70 (edb9c9f3de024..., userDataDir: C:\Users\Mohammad\AppData\L...}, goog:chromeOptions: {debuggerAddress: localhost:53132}, javascriptEnabled: true, networkConnectionEnabled: false, pageLoadStrategy: normal, platform: XP, platformName: XP, proxy: Proxy(), setWindowRect: true, strictFileInteractability: false, timeouts: {implicit: 0, pageLoad: 300000, script: 30000}, unhandledPromptBehavior: dismiss and notify}
Session ID: ac33f0d74457201166b32e5f9b6d63c3">
      <![CDATA[org.openqa.selenium.ElementClickInterceptedException: element click intercepted: Element <button id="submitBtn" name="getTokenWithPassword" type="submit" class="ups-cta ups-cta_primary">...</button> is not clickable at point (111, 668). Other element would receive the click: <div class="implicit_privacy_prompt implicit_consent" role="alert">...</div>
  (Session info: chrome=79.0.3945.88)
Build info: version: '3.141.59', revision: 'e82be7d358', time: '2018-11-14T08:17:03'
System info: host: 'AUTOMATA', ip: '192.168.235.1', os.name: 'Windows 10', os.arch: 'amd64', os.version: '10.0', java.version: '1.8.0_74'
Driver info: org.openqa.selenium.chrome.ChromeDriver
Capabilities {acceptInsecureCerts: false, browserName: chrome, browserVersion: 79.0.3945.88, chrome: {chromedriverVersion: 78.0.3904.70 (edb9c9f3de024..., userDataDir: C:\Users\Mohammad\AppData\L...}, goog:chromeOptions: {debuggerAddress: localhost:53132}, javascriptEnabled: true, networkConnectionEnabled: false, pageLoadStrategy: normal, platform: XP, platformName: XP, proxy: Proxy(), setWindowRect: true, strictFileInteractability: false, timeouts: {implicit: 0, pageLoad: 300000, script: 30000}, unhandledPromptBehavior: dismiss and notify}
Session ID: ac33f0d74457201166b32e5f9b6d63c3
at org.openqa.selenium.remote.http.W3CHttpResponseCodec.createException(W3CHttpResponseCodec.java:187)
at org.openqa.selenium.remote.http.W3CHttpResponseCodec.decode(W3CHttpResponseCodec.java:122)
at org.openqa.selenium.remote.http.W3CHttpResponseCodec.decode(W3CHttpResponseCodec.java:49)
at org.openqa.selenium.remote.HttpCommandExecutor.execute(HttpCommandExecutor.java:158)
at org.openqa.selenium.remote.service.DriverCommandExecutor.execute(DriverCommandExecutor.java:83)
at org.openqa.selenium.remote.RemoteWebDriver.execute(RemoteWebDriver.java:552)
at org.openqa.selenium.remote.RemoteWebElement.execute(RemoteWebElement.java:285)
at org.openqa.selenium.remote.RemoteWebElement.click(RemoteWebElement.java:84)
at ups.actions.UpsLoginPageActions.login(UpsLoginPageActions.java:33)
at ups.test.UpsLoginPageTest.verifyLoginError(UpsLoginPageTest.java:49)
... Removed 29 stack frames]]>
    </failure>
  </testcase> <!-- verifyLoginError -->
  <testcase name="verifyLoginError" time="1.456" classname="ups.test.UpsLoginPageTest">
    <failure type="org.openqa.selenium.ElementClickInterceptedException" message="element click intercepted: Element &amp;lt;button id=&amp;quot;submitBtn&amp;quot; name=&amp;quot;getTokenWithPassword&amp;quot; type=&amp;quot;submit&amp;quot; class=&amp;quot;ups-cta ups-cta_primary&amp;quot;&amp;gt;...&amp;lt;/button&amp;gt; is not clickable at point (111, 668). Other element would receive the click: &amp;lt;div class=&amp;quot;implicit_privacy_prompt implicit_consent&amp;quot; role=&amp;quot;alert&amp;quot;&amp;gt;...&amp;lt;/div&amp;gt;
  (Session info: chrome=79.0.3945.88)
Build info: version: &amp;apos;3.141.59&amp;apos;, revision: &amp;apos;e82be7d358&amp;apos;, time: &amp;apos;2018-11-14T08:17:03&amp;apos;
System info: host: &amp;apos;AUTOMATA&amp;apos;, ip: &amp;apos;192.168.235.1&amp;apos;, os.name: &amp;apos;Windows 10&amp;apos;, os.arch: &amp;apos;amd64&amp;apos;, os.version: &amp;apos;10.0&amp;apos;, java.version: &amp;apos;1.8.0_74&amp;apos;
Driver info: org.openqa.selenium.chrome.ChromeDriver
Capabilities {acceptInsecureCerts: false, browserName: chrome, browserVersion: 79.0.3945.88, chrome: {chromedriverVersion: 78.0.3904.70 (edb9c9f3de024..., userDataDir: C:\Users\Mohammad\AppData\L...}, goog:chromeOptions: {debuggerAddress: localhost:53132}, javascriptEnabled: true, networkConnectionEnabled: false, pageLoadStrategy: normal, platform: XP, platformName: XP, proxy: Proxy(), setWindowRect: true, strictFileInteractability: false, timeouts: {implicit: 0, pageLoad: 300000, script: 30000}, unhandledPromptBehavior: dismiss and notify}
Session ID: ac33f0d74457201166b32e5f9b6d63c3">
      <![CDATA[org.openqa.selenium.ElementClickInterceptedException: element click intercepted: Element <button id="submitBtn" name="getTokenWithPassword" type="submit" class="ups-cta ups-cta_primary">...</button> is not clickable at point (111, 668). Other element would receive the click: <div class="implicit_privacy_prompt implicit_consent" role="alert">...</div>
  (Session info: chrome=79.0.3945.88)
Build info: version: '3.141.59', revision: 'e82be7d358', time: '2018-11-14T08:17:03'
System info: host: 'AUTOMATA', ip: '192.168.235.1', os.name: 'Windows 10', os.arch: 'amd64', os.version: '10.0', java.version: '1.8.0_74'
Driver info: org.openqa.selenium.chrome.ChromeDriver
Capabilities {acceptInsecureCerts: false, browserName: chrome, browserVersion: 79.0.3945.88, chrome: {chromedriverVersion: 78.0.3904.70 (edb9c9f3de024..., userDataDir: C:\Users\Mohammad\AppData\L...}, goog:chromeOptions: {debuggerAddress: localhost:53132}, javascriptEnabled: true, networkConnectionEnabled: false, pageLoadStrategy: normal, platform: XP, platformName: XP, proxy: Proxy(), setWindowRect: true, strictFileInteractability: false, timeouts: {implicit: 0, pageLoad: 300000, script: 30000}, unhandledPromptBehavior: dismiss and notify}
Session ID: ac33f0d74457201166b32e5f9b6d63c3
at org.openqa.selenium.remote.http.W3CHttpResponseCodec.createException(W3CHttpResponseCodec.java:187)
at org.openqa.selenium.remote.http.W3CHttpResponseCodec.decode(W3CHttpResponseCodec.java:122)
at org.openqa.selenium.remote.http.W3CHttpResponseCodec.decode(W3CHttpResponseCodec.java:49)
at org.openqa.selenium.remote.HttpCommandExecutor.execute(HttpCommandExecutor.java:158)
at org.openqa.selenium.remote.service.DriverCommandExecutor.execute(DriverCommandExecutor.java:83)
at org.openqa.selenium.remote.RemoteWebDriver.execute(RemoteWebDriver.java:552)
at org.openqa.selenium.remote.RemoteWebElement.execute(RemoteWebElement.java:285)
at org.openqa.selenium.remote.RemoteWebElement.click(RemoteWebElement.java:84)
at ups.actions.UpsLoginPageActions.login(UpsLoginPageActions.java:33)
at ups.test.UpsLoginPageTest.verifyLoginError(UpsLoginPageTest.java:49)
... Removed 29 stack frames]]>
    </failure>
  </testcase> <!-- verifyLoginError -->
  <testcase name="verifyLoginError" time="1.584" classname="ups.test.UpsLoginPageTest">
    <failure type="org.openqa.selenium.ElementClickInterceptedException" message="element click intercepted: Element &amp;lt;button id=&amp;quot;submitBtn&amp;quot; name=&amp;quot;getTokenWithPassword&amp;quot; type=&amp;quot;submit&amp;quot; class=&amp;quot;ups-cta ups-cta_primary&amp;quot;&amp;gt;...&amp;lt;/button&amp;gt; is not clickable at point (111, 668). Other element would receive the click: &amp;lt;div class=&amp;quot;implicit_privacy_prompt implicit_consent&amp;quot; role=&amp;quot;alert&amp;quot;&amp;gt;...&amp;lt;/div&amp;gt;
  (Session info: chrome=79.0.3945.88)
Build info: version: &amp;apos;3.141.59&amp;apos;, revision: &amp;apos;e82be7d358&amp;apos;, time: &amp;apos;2018-11-14T08:17:03&amp;apos;
System info: host: &amp;apos;AUTOMATA&amp;apos;, ip: &amp;apos;192.168.235.1&amp;apos;, os.name: &amp;apos;Windows 10&amp;apos;, os.arch: &amp;apos;amd64&amp;apos;, os.version: &amp;apos;10.0&amp;apos;, java.version: &amp;apos;1.8.0_74&amp;apos;
Driver info: org.openqa.selenium.chrome.ChromeDriver
Capabilities {acceptInsecureCerts: false, browserName: chrome, browserVersion: 79.0.3945.88, chrome: {chromedriverVersion: 78.0.3904.70 (edb9c9f3de024..., userDataDir: C:\Users\Mohammad\AppData\L...}, goog:chromeOptions: {debuggerAddress: localhost:53132}, javascriptEnabled: true, networkConnectionEnabled: false, pageLoadStrategy: normal, platform: XP, platformName: XP, proxy: Proxy(), setWindowRect: true, strictFileInteractability: false, timeouts: {implicit: 0, pageLoad: 300000, script: 30000}, unhandledPromptBehavior: dismiss and notify}
Session ID: ac33f0d74457201166b32e5f9b6d63c3">
      <![CDATA[org.openqa.selenium.ElementClickInterceptedException: element click intercepted: Element <button id="submitBtn" name="getTokenWithPassword" type="submit" class="ups-cta ups-cta_primary">...</button> is not clickable at point (111, 668). Other element would receive the click: <div class="implicit_privacy_prompt implicit_consent" role="alert">...</div>
  (Session info: chrome=79.0.3945.88)
Build info: version: '3.141.59', revision: 'e82be7d358', time: '2018-11-14T08:17:03'
System info: host: 'AUTOMATA', ip: '192.168.235.1', os.name: 'Windows 10', os.arch: 'amd64', os.version: '10.0', java.version: '1.8.0_74'
Driver info: org.openqa.selenium.chrome.ChromeDriver
Capabilities {acceptInsecureCerts: false, browserName: chrome, browserVersion: 79.0.3945.88, chrome: {chromedriverVersion: 78.0.3904.70 (edb9c9f3de024..., userDataDir: C:\Users\Mohammad\AppData\L...}, goog:chromeOptions: {debuggerAddress: localhost:53132}, javascriptEnabled: true, networkConnectionEnabled: false, pageLoadStrategy: normal, platform: XP, platformName: XP, proxy: Proxy(), setWindowRect: true, strictFileInteractability: false, timeouts: {implicit: 0, pageLoad: 300000, script: 30000}, unhandledPromptBehavior: dismiss and notify}
Session ID: ac33f0d74457201166b32e5f9b6d63c3
at org.openqa.selenium.remote.http.W3CHttpResponseCodec.createException(W3CHttpResponseCodec.java:187)
at org.openqa.selenium.remote.http.W3CHttpResponseCodec.decode(W3CHttpResponseCodec.java:122)
at org.openqa.selenium.remote.http.W3CHttpResponseCodec.decode(W3CHttpResponseCodec.java:49)
at org.openqa.selenium.remote.HttpCommandExecutor.execute(HttpCommandExecutor.java:158)
at org.openqa.selenium.remote.service.DriverCommandExecutor.execute(DriverCommandExecutor.java:83)
at org.openqa.selenium.remote.RemoteWebDriver.execute(RemoteWebDriver.java:552)
at org.openqa.selenium.remote.RemoteWebElement.execute(RemoteWebElement.java:285)
at org.openqa.selenium.remote.RemoteWebElement.click(RemoteWebElement.java:84)
at ups.actions.UpsLoginPageActions.login(UpsLoginPageActions.java:33)
at ups.test.UpsLoginPageTest.verifyLoginError(UpsLoginPageTest.java:49)
... Removed 29 stack frames]]>
    </failure>
  </testcase> <!-- verifyLoginError -->
  <testcase name="verifyLoginError" time="1.421" classname="ups.test.UpsLoginPageTest">
    <failure type="org.openqa.selenium.ElementClickInterceptedException" message="element click intercepted: Element &amp;lt;button id=&amp;quot;submitBtn&amp;quot; name=&amp;quot;getTokenWithPassword&amp;quot; type=&amp;quot;submit&amp;quot; class=&amp;quot;ups-cta ups-cta_primary&amp;quot;&amp;gt;...&amp;lt;/button&amp;gt; is not clickable at point (111, 668). Other element would receive the click: &amp;lt;div class=&amp;quot;implicit_privacy_prompt implicit_consent&amp;quot; role=&amp;quot;alert&amp;quot;&amp;gt;...&amp;lt;/div&amp;gt;
  (Session info: chrome=79.0.3945.88)
Build info: version: &amp;apos;3.141.59&amp;apos;, revision: &amp;apos;e82be7d358&amp;apos;, time: &amp;apos;2018-11-14T08:17:03&amp;apos;
System info: host: &amp;apos;AUTOMATA&amp;apos;, ip: &amp;apos;192.168.235.1&amp;apos;, os.name: &amp;apos;Windows 10&amp;apos;, os.arch: &amp;apos;amd64&amp;apos;, os.version: &amp;apos;10.0&amp;apos;, java.version: &amp;apos;1.8.0_74&amp;apos;
Driver info: org.openqa.selenium.chrome.ChromeDriver
Capabilities {acceptInsecureCerts: false, browserName: chrome, browserVersion: 79.0.3945.88, chrome: {chromedriverVersion: 78.0.3904.70 (edb9c9f3de024..., userDataDir: C:\Users\Mohammad\AppData\L...}, goog:chromeOptions: {debuggerAddress: localhost:53132}, javascriptEnabled: true, networkConnectionEnabled: false, pageLoadStrategy: normal, platform: XP, platformName: XP, proxy: Proxy(), setWindowRect: true, strictFileInteractability: false, timeouts: {implicit: 0, pageLoad: 300000, script: 30000}, unhandledPromptBehavior: dismiss and notify}
Session ID: ac33f0d74457201166b32e5f9b6d63c3">
      <![CDATA[org.openqa.selenium.ElementClickInterceptedException: element click intercepted: Element <button id="submitBtn" name="getTokenWithPassword" type="submit" class="ups-cta ups-cta_primary">...</button> is not clickable at point (111, 668). Other element would receive the click: <div class="implicit_privacy_prompt implicit_consent" role="alert">...</div>
  (Session info: chrome=79.0.3945.88)
Build info: version: '3.141.59', revision: 'e82be7d358', time: '2018-11-14T08:17:03'
System info: host: 'AUTOMATA', ip: '192.168.235.1', os.name: 'Windows 10', os.arch: 'amd64', os.version: '10.0', java.version: '1.8.0_74'
Driver info: org.openqa.selenium.chrome.ChromeDriver
Capabilities {acceptInsecureCerts: false, browserName: chrome, browserVersion: 79.0.3945.88, chrome: {chromedriverVersion: 78.0.3904.70 (edb9c9f3de024..., userDataDir: C:\Users\Mohammad\AppData\L...}, goog:chromeOptions: {debuggerAddress: localhost:53132}, javascriptEnabled: true, networkConnectionEnabled: false, pageLoadStrategy: normal, platform: XP, platformName: XP, proxy: Proxy(), setWindowRect: true, strictFileInteractability: false, timeouts: {implicit: 0, pageLoad: 300000, script: 30000}, unhandledPromptBehavior: dismiss and notify}
Session ID: ac33f0d74457201166b32e5f9b6d63c3
at org.openqa.selenium.remote.http.W3CHttpResponseCodec.createException(W3CHttpResponseCodec.java:187)
at org.openqa.selenium.remote.http.W3CHttpResponseCodec.decode(W3CHttpResponseCodec.java:122)
at org.openqa.selenium.remote.http.W3CHttpResponseCodec.decode(W3CHttpResponseCodec.java:49)
at org.openqa.selenium.remote.HttpCommandExecutor.execute(HttpCommandExecutor.java:158)
at org.openqa.selenium.remote.service.DriverCommandExecutor.execute(DriverCommandExecutor.java:83)
at org.openqa.selenium.remote.RemoteWebDriver.execute(RemoteWebDriver.java:552)
at org.openqa.selenium.remote.RemoteWebElement.execute(RemoteWebElement.java:285)
at org.openqa.selenium.remote.RemoteWebElement.click(RemoteWebElement.java:84)
at ups.actions.UpsLoginPageActions.login(UpsLoginPageActions.java:33)
at ups.test.UpsLoginPageTest.verifyLoginError(UpsLoginPageTest.java:49)
... Removed 29 stack frames]]>
    </failure>
  </testcase> <!-- verifyLoginError -->
  <testcase name="funLoginMsg" time="0.0" classname="ups.test.UpsLoginPageTest">
    <ignored/>
  </testcase> <!-- funLoginMsg -->
</testsuite> <!-- Test -->
